<?xml version="1.0" encoding="UTF-8"?>
<!-- Generated by org.testng.reporters.JUnitReportReporter -->
<testsuite hostname="Ryota" failures="0" tests="2" name="demoqa.Elements" time="14.744" errors="0" timestamp="2024-09-06T00:23:48 AST" skipped="1">
  <testcase classname="demoqa.Elements" name="checkBox" time="14.744"/>
  <system-out/>
  <testcase classname="demoqa.Elements" name="textArea">
    <skipped/>
  </testcase> <!-- textArea -->
  <system-out/>
</testsuite> <!-- demoqa.Elements -->
