<?xml version="1.0" encoding="UTF-8"?>
<!-- Generated by org.testng.reporters.JUnitReportReporter -->
<testsuite hostname="Ryota" failures="0" tests="5" name="demoqa.Elements" time="13.156" errors="0" timestamp="2024-09-10T23:37:01 AST" skipped="4">
  <testcase classname="demoqa.Elements" name="doubleClick" time="13.156"/>
  <system-out/>
  <testcase classname="demoqa.Elements" name="textArea">
    <skipped/>
  </testcase> <!-- textArea -->
  <system-out/>
  <testcase classname="demoqa.Elements" name="radio">
    <skipped/>
  </testcase> <!-- radio -->
  <system-out/>
  <testcase classname="demoqa.Elements" name="webtables">
    <skipped/>
  </testcase> <!-- webtables -->
  <system-out/>
  <testcase classname="demoqa.Elements" name="checkBox">
    <skipped/>
  </testcase> <!-- checkBox -->
  <system-out/>
</testsuite> <!-- demoqa.Elements -->
