<?xml version="1.0" encoding="UTF-8"?>
<!-- Generated by org.testng.reporters.JUnitReportReporter -->
<testsuite hostname="Ryota" failures="0" tests="2" name="demoqa.myTestCase" time="18.890" errors="0" timestamp="2024-09-05T23:22:43 AST" skipped="0">
  <testcase classname="demoqa.myTestCase" name="textArea" time="2.509"/>
  <system-out/>
  <testcase classname="demoqa.myTestCase" name="mySetup" time="16.381"/>
  <system-out/>
</testsuite> <!-- demoqa.myTestCase -->
